Removed Pin From Net: NetName=NetCboot1_1 Pin=M1-1
Removed Pin From Net: NetName=NetCboot1_1 Pin=M1-2
Removed Pin From Net: NetName=NetCboot1_1 Pin=M1-3
Removed Pin From Net: NetName=VCC Pin=M1-5
Removed Pin From Net: NetName=VCC Pin=M1-6
Removed Pin From Net: NetName=VCC Pin=M1-7
Removed Pin From Net: NetName=VCC Pin=M1-8
Removed Pin From Net: NetName=VCC Pin=M1-9
Removed Member From Class: ClassName=Sheet2 Member=M1
Added Component: Designator=Q1(Q3A)
Add component (AddParameter): Name = "Arrow Part Number"; Value = "CSD17577Q3A"; VariantName = "[No Variations]"
Add component (AddParameter): Name = "Arrow Price/Stock"; Value = "https://www.arrow.com/en/products/csd17577q3a/texas-instruments"; VariantName = "[No Variations]"
Add component (AddParameter): Name = "Datasheet Link"; Value = "http://www.ti.com/lit/gpn/csd17577q3a"; VariantName = "[No Variations]"
Add component (AddParameter): Name = "Manufacturer_Name"; Value = "Texas Instruments"; VariantName = "[No Variations]"
Add component (AddParameter): Name = "Manufacturer_Part_Number"; Value = "CSD17577Q3A"; VariantName = "[No Variations]"
Add component (AddParameter): Name = "Mouser Part Number"; Value = "595-CSD17577Q3A"; VariantName = "[No Variations]"
Add component (AddParameter): Name = "Mouser Price/Stock"; Value = "https://www.mouser.co.uk/ProductDetail/Texas-Instruments/CSD17577Q3A?qs=m%2F7bTylgptdTq6Yorh0Ysg%3D%3D"; VariantName = "[No Variations]"
Added Pin To Net: NetName=NetCboot1_1 Pin=Q1-1
Added Pin To Net: NetName=NetCboot1_1 Pin=Q1-2
Added Pin To Net: NetName=NetCboot1_1 Pin=Q1-3
Added Pin To Net: NetName=VCC Pin=Q1-5
Added Pin To Net: NetName=VCC Pin=Q1-6
Added Pin To Net: NetName=VCC Pin=Q1-7
Added Pin To Net: NetName=VCC Pin=Q1-8
Added Pin To Net: NetName=NetQ1_4 Pin=Q1-4
Added Pin To Net: NetName=NetQ1_4 Pin=Rg1-1
Added Net: Name=NetQ1_4
Added Member To Class: ClassName=Sheet2 Member=Component Q1 CSD17577Q3A
Added Room: Name=Sheet2
