Replace Part Cboot1 EMK107B7104KA-T in C:\Users\Public\Documents\Altium\Projects\GLV_Converter\Sheet2.SchDoc with EMK107B7104KA-T from EMK107B7104KA-T.SchLib
Replace Part Cboot2 EMK107B7104KA-T in C:\Users\Public\Documents\Altium\Projects\GLV_Converter\Sheet2.SchDoc with EMK107B7104KA-T from EMK107B7104KA-T.SchLib
Update Managed Component Ccomp From CMP-2008-04609-1[GRM155R71C472KA01D] To CMP-2008-04609-1[GRM155R71C472KA01D] in Sheet2.SchDoc
Replace Part CIn 20SVPF56MX in C:\Users\Public\Documents\Altium\Projects\GLV_Converter\Sheet2.SchDoc with 20SVPF56MX from 20SVPF56MX.SchLib
Replace Part CInx1 GRM31CR71E475KA88L in C:\Users\Public\Documents\Altium\Projects\GLV_Converter\Sheet2.SchDoc with GRM31CR71E475KA88L from GRM31CR71E475KA88L.SchLib
Replace Part CInx2 GRM31CR71E475KA88L in C:\Users\Public\Documents\Altium\Projects\GLV_Converter\Sheet2.SchDoc with GRM31CR71E475KA88L from GRM31CR71E475KA88L.SchLib
Replace Part Cout 20SVPF56MX in C:\Users\Public\Documents\Altium\Projects\GLV_Converter\Sheet2.SchDoc with 20SVPF56MX from 20SVPF56MX.SchLib
Update Managed Component Coutx1 From CMP-08246-000200-1[C2012X7S1E106K125AC] To CMP-08246-000200-1[C2012X7S1E106K125AC] in Sheet2.SchDoc
Update Managed Component Coutx2 From CMP-08246-000200-1[C2012X7S1E106K125AC] To CMP-08246-000200-1[C2012X7S1E106K125AC] in Sheet2.SchDoc
Update Managed Component Coutx3 From CMP-08246-000200-1[C2012X7S1E106K125AC] To CMP-08246-000200-1[C2012X7S1E106K125AC] in Sheet2.SchDoc
Replace Part Cvcc C1608X6S1C475K080AC in C:\Users\Public\Documents\Altium\Projects\GLV_Converter\Sheet2.SchDoc with C1608X6S1C475K080AC from C1608X6S1C475K080AC.SchLib
Replace Part JBAT XT60PW-F in C:\Users\Public\Documents\Altium\Projects\GLV_Converter\Sheet2.SchDoc with XT60PW-F from XT60PW-F.SchLib
Replace Part L1 HC1-100-R in C:\Users\Public\Documents\Altium\Projects\GLV_Converter\Sheet2.SchDoc with HC1-100-R from HC1-100-R.SchLib
Replace Part M1 CSD17577Q3A in C:\Users\Public\Documents\Altium\Projects\GLV_Converter\Sheet2.SchDoc with CSD17577Q3A from CSD17577Q3A.SchLib
Replace Part M2 CSD16301Q2 in C:\Users\Public\Documents\Altium\Projects\GLV_Converter\Sheet2.SchDoc with CSD16301Q2 from CSD16301Q2.SchLib
Update Managed Component Rcomp From CMP-2002-00027-1[CRCW040247K5FKED] To CMP-2002-00027-1[CRCW040247K5FKED] in Sheet2.SchDoc
Replace Part Renb CRCW0402100KFKED in C:\Users\Public\Documents\Altium\Projects\GLV_Converter\Sheet2.SchDoc with CRCW0402100KFKED from CRCW0402100KFKED.SchLib
Replace Part Rent CRCW0402634KFKED in C:\Users\Public\Documents\Altium\Projects\GLV_Converter\Sheet2.SchDoc with CRCW0402634KFKED from CRCW0402634KFKED.SchLib
Replace Part Rg1 CRCW06031R00FKEA in C:\Users\Public\Documents\Altium\Projects\GLV_Converter\Sheet2.SchDoc with CRCW06031R00FKEA from CRCW06031R00FKEA.SchLib
Replace Part Rg2 CRCW06031R00FKEA in C:\Users\Public\Documents\Altium\Projects\GLV_Converter\Sheet2.SchDoc with CRCW06031R00FKEA from CRCW06031R00FKEA.SchLib
Replace Part Rilim CRCW040221K0FKED in C:\Users\Public\Documents\Altium\Projects\GLV_Converter\Sheet2.SchDoc with CRCW040221K0FKED from CRCW040221K0FKED.SchLib
Update Managed Component Rscl From CMP-2100-03615-2[CRCW08054K70FKEA] To CMP-2100-03615-2[CRCW08054K70FKEA] in Sheet2.SchDoc
Update Managed Component Rsda From CMP-2100-03615-2[CRCW08054K70FKEA] To CMP-2100-03615-2[CRCW08054K70FKEA] in Sheet2.SchDoc
Replace Part Rt CRCW040266K5FKED in C:\Users\Public\Documents\Altium\Projects\GLV_Converter\Sheet2.SchDoc with CRCW040266K5FKED from CRCW040266K5FKED.SchLib
Replace Part U1 TPS55288QRPMRQ1 in C:\Users\Public\Documents\Altium\Projects\GLV_Converter\Sheet2.SchDoc with TPS55288QRPMRQ1 from TPS55288QRPMRQ1.SchLib
